2019-08-23 21:51:40.243 [main] DEBUG com.imooc.o2o.dao.ShopDao.insertShop - ==>  Preparing: INSERT INTO tb_shop ( owner_id, area_id, shop_category_id, shop_name, shop_desc, shop_addr, phone, shop_img, priority, create_time, last_edit_time, enable_status, advice ) VALUE ( ?, ?, ?, ?, ?, ?, ?, ?, ?, ?, ?, ?, ? ) 
2019-08-23 21:51:40.278 [main] DEBUG com.imooc.o2o.dao.ShopDao.insertShop - ==> Parameters: 1(Long), 2(Integer), 1(Long), 测试的店铺3(String), test3(String), test3(String), test3(String), null, null, 2019-08-23 21:51:40.225(Timestamp), 2019-08-23 21:51:40.225(Timestamp), 0(Integer), 审核中(String)
2019-08-23 21:51:40.308 [main] DEBUG com.imooc.o2o.dao.ShopDao.insertShop - <==    Updates: 1
2019-08-23 21:51:40.855 [main] DEBUG com.imooc.o2o.util.ImageUtil - current relativeAddr is:/upload/item/shop/48/2019082321514034265.jpg
2019-08-23 21:51:40.855 [main] DEBUG com.imooc.o2o.util.ImageUtil - current relativeAddr is:/home/chensa/image//upload/item/shop/48/2019082321514034265.jpg
2019-08-23 21:51:41.242 [main] DEBUG com.imooc.o2o.dao.ShopDao.updateShop - ==>  Preparing: update tb_shop SET shop_name=?, shop_desc=?, shop_addr=?, phone=?, shop_img=?, last_edit_time=?, enable_status=?, advice=?, area_id=?, shop_category_id=? where shop_id=? 
2019-08-23 21:51:41.243 [main] DEBUG com.imooc.o2o.dao.ShopDao.updateShop - ==> Parameters: 测试的店铺3(String), test3(String), test3(String), test3(String), /upload/item/shop/48/2019082321514034265.jpg(String), 2019-08-23 21:51:40.225(Timestamp), 0(Integer), 审核中(String), 2(Integer), 1(Long), 48(Long)
2019-08-23 21:51:41.251 [main] DEBUG com.imooc.o2o.dao.ShopDao.updateShop - <==    Updates: 1
2019-08-23 21:55:59.542 [main] DEBUG com.imooc.o2o.dao.ShopDao.insertShop - ==>  Preparing: INSERT INTO tb_shop ( owner_id, area_id, shop_category_id, shop_name, shop_desc, shop_addr, phone, shop_img, priority, create_time, last_edit_time, enable_status, advice ) VALUE ( ?, ?, ?, ?, ?, ?, ?, ?, ?, ?, ?, ?, ? ) 
2019-08-23 21:55:59.573 [main] DEBUG com.imooc.o2o.dao.ShopDao.insertShop - ==> Parameters: 1(Long), 2(Integer), 1(Long), 测试的店铺3(String), test3(String), test3(String), test3(String), null, null, 2019-08-23 21:55:59.528(Timestamp), 2019-08-23 21:55:59.528(Timestamp), 0(Integer), 审核中(String)
2019-08-23 21:55:59.577 [main] DEBUG com.imooc.o2o.dao.ShopDao.insertShop - <==    Updates: 1
2019-08-23 21:56:00.072 [main] DEBUG com.imooc.o2o.util.ImageUtil - current relativeAddr is:upload/item/shop/49/2019082321555925689.png
2019-08-23 21:56:00.072 [main] DEBUG com.imooc.o2o.util.ImageUtil - current relativeAddr is:/home/chensa/image/upload/item/shop/49/2019082321555925689.png
2019-08-23 21:56:00.242 [main] DEBUG com.imooc.o2o.dao.ShopDao.updateShop - ==>  Preparing: update tb_shop SET shop_name=?, shop_desc=?, shop_addr=?, phone=?, shop_img=?, last_edit_time=?, enable_status=?, advice=?, area_id=?, shop_category_id=? where shop_id=? 
2019-08-23 21:56:00.243 [main] DEBUG com.imooc.o2o.dao.ShopDao.updateShop - ==> Parameters: 测试的店铺3(String), test3(String), test3(String), test3(String), upload/item/shop/49/2019082321555925689.png(String), 2019-08-23 21:55:59.528(Timestamp), 0(Integer), 审核中(String), 2(Integer), 1(Long), 49(Long)
2019-08-23 21:56:00.244 [main] DEBUG com.imooc.o2o.dao.ShopDao.updateShop - <==    Updates: 1
2019-08-23 21:56:41.255 [main] DEBUG com.imooc.o2o.dao.ShopDao.insertShop - ==>  Preparing: INSERT INTO tb_shop ( owner_id, area_id, shop_category_id, shop_name, shop_desc, shop_addr, phone, shop_img, priority, create_time, last_edit_time, enable_status, advice ) VALUE ( ?, ?, ?, ?, ?, ?, ?, ?, ?, ?, ?, ?, ? ) 
2019-08-23 21:56:41.284 [main] DEBUG com.imooc.o2o.dao.ShopDao.insertShop - ==> Parameters: 1(Long), 2(Integer), 1(Long), 测试的店铺3(String), test3(String), test3(String), test3(String), null, null, 2019-08-23 21:56:41.241(Timestamp), 2019-08-23 21:56:41.242(Timestamp), 0(Integer), 审核中(String)
2019-08-23 21:56:41.288 [main] DEBUG com.imooc.o2o.dao.ShopDao.insertShop - <==    Updates: 1
2019-08-23 21:56:41.787 [main] DEBUG com.imooc.o2o.util.ImageUtil - current relativeAddr is:upload/item/shop/50/2019082321564134430.png
2019-08-23 21:56:41.787 [main] DEBUG com.imooc.o2o.util.ImageUtil - current relativeAddr is:/home/chensa/image/upload/item/shop/50/2019082321564134430.png
2019-08-23 21:56:42.028 [main] DEBUG com.imooc.o2o.dao.ShopDao.updateShop - ==>  Preparing: update tb_shop SET shop_name=?, shop_desc=?, shop_addr=?, phone=?, shop_img=?, last_edit_time=?, enable_status=?, advice=?, area_id=?, shop_category_id=? where shop_id=? 
2019-08-23 21:56:42.029 [main] DEBUG com.imooc.o2o.dao.ShopDao.updateShop - ==> Parameters: 测试的店铺3(String), test3(String), test3(String), test3(String), upload/item/shop/50/2019082321564134430.png(String), 2019-08-23 21:56:41.242(Timestamp), 0(Integer), 审核中(String), 2(Integer), 1(Long), 50(Long)
2019-08-23 21:56:42.031 [main] DEBUG com.imooc.o2o.dao.ShopDao.updateShop - <==    Updates: 1
2019-08-23 22:01:03.372 [main] DEBUG com.imooc.o2o.dao.ShopDao.insertShop - ==>  Preparing: INSERT INTO tb_shop ( owner_id, area_id, shop_category_id, shop_name, shop_desc, shop_addr, phone, shop_img, priority, create_time, last_edit_time, enable_status, advice ) VALUE ( ?, ?, ?, ?, ?, ?, ?, ?, ?, ?, ?, ?, ? ) 
2019-08-23 22:01:03.399 [main] DEBUG com.imooc.o2o.dao.ShopDao.insertShop - ==> Parameters: 1(Long), 2(Integer), 1(Long), 测试的店铺3(String), test3(String), test3(String), test3(String), null, null, 2019-08-23 22:01:03.357(Timestamp), 2019-08-23 22:01:03.357(Timestamp), 0(Integer), 审核中(String)
2019-08-23 22:01:03.402 [main] DEBUG com.imooc.o2o.dao.ShopDao.insertShop - <==    Updates: 1
2019-08-23 22:01:03.902 [main] DEBUG com.imooc.o2o.util.ImageUtil - current relativeAddr is:upload/item/shop/51/2019082322010324717.png
2019-08-23 22:01:03.902 [main] DEBUG com.imooc.o2o.util.ImageUtil - current relativeAddr is:/home/chensa/image/upload/item/shop/51/2019082322010324717.png
2019-08-23 22:01:04.114 [main] DEBUG com.imooc.o2o.dao.ShopDao.updateShop - ==>  Preparing: update tb_shop SET shop_name=?, shop_desc=?, shop_addr=?, phone=?, shop_img=?, last_edit_time=?, enable_status=?, advice=?, area_id=?, shop_category_id=? where shop_id=? 
2019-08-23 22:01:04.114 [main] DEBUG com.imooc.o2o.dao.ShopDao.updateShop - ==> Parameters: 测试的店铺3(String), test3(String), test3(String), test3(String), upload/item/shop/51/2019082322010324717.png(String), 2019-08-23 22:01:03.357(Timestamp), 0(Integer), 审核中(String), 2(Integer), 1(Long), 51(Long)
2019-08-23 22:01:04.115 [main] DEBUG com.imooc.o2o.dao.ShopDao.updateShop - <==    Updates: 1
2019-08-23 22:01:49.284 [main] DEBUG com.imooc.o2o.dao.ShopDao.insertShop - ==>  Preparing: INSERT INTO tb_shop ( owner_id, area_id, shop_category_id, shop_name, shop_desc, shop_addr, phone, shop_img, priority, create_time, last_edit_time, enable_status, advice ) VALUE ( ?, ?, ?, ?, ?, ?, ?, ?, ?, ?, ?, ?, ? ) 
2019-08-23 22:01:49.314 [main] DEBUG com.imooc.o2o.dao.ShopDao.insertShop - ==> Parameters: 1(Long), 2(Integer), 1(Long), 测试的店铺3(String), test3(String), test3(String), test3(String), null, null, 2019-08-23 22:01:49.269(Timestamp), 2019-08-23 22:01:49.269(Timestamp), 0(Integer), 审核中(String)
2019-08-23 22:01:49.315 [main] DEBUG com.imooc.o2o.dao.ShopDao.insertShop - <==    Updates: 1
2019-08-23 22:01:49.823 [main] DEBUG com.imooc.o2o.util.ImageUtil - current relativeAddr is:upload/item/shop/52/2019082322014981974.png
2019-08-23 22:01:49.823 [main] DEBUG com.imooc.o2o.util.ImageUtil - current relativeAddr is:/home/chensa/image/upload/item/shop/52/2019082322014981974.png
2019-08-23 22:01:50.152 [main] DEBUG com.imooc.o2o.dao.ShopDao.updateShop - ==>  Preparing: update tb_shop SET shop_name=?, shop_desc=?, shop_addr=?, phone=?, shop_img=?, last_edit_time=?, enable_status=?, advice=?, area_id=?, shop_category_id=? where shop_id=? 
2019-08-23 22:01:50.153 [main] DEBUG com.imooc.o2o.dao.ShopDao.updateShop - ==> Parameters: 测试的店铺3(String), test3(String), test3(String), test3(String), upload/item/shop/52/2019082322014981974.png(String), 2019-08-23 22:01:49.269(Timestamp), 0(Integer), 审核中(String), 2(Integer), 1(Long), 52(Long)
2019-08-23 22:01:50.154 [main] DEBUG com.imooc.o2o.dao.ShopDao.updateShop - <==    Updates: 1
2019-08-23 22:03:29.736 [main] DEBUG com.imooc.o2o.dao.ShopDao.insertShop - ==>  Preparing: INSERT INTO tb_shop ( owner_id, area_id, shop_category_id, shop_name, shop_desc, shop_addr, phone, shop_img, priority, create_time, last_edit_time, enable_status, advice ) VALUE ( ?, ?, ?, ?, ?, ?, ?, ?, ?, ?, ?, ?, ? ) 
2019-08-23 22:03:29.767 [main] DEBUG com.imooc.o2o.dao.ShopDao.insertShop - ==> Parameters: 1(Long), 2(Integer), 1(Long), 测试的店铺3(String), test3(String), test3(String), test3(String), null, null, 2019-08-23 22:03:29.721(Timestamp), 2019-08-23 22:03:29.721(Timestamp), 0(Integer), 审核中(String)
2019-08-23 22:03:29.769 [main] DEBUG com.imooc.o2o.dao.ShopDao.insertShop - <==    Updates: 1
2019-08-23 22:03:29.780 [main] DEBUG com.imooc.o2o.util.ImageUtil - current relativeAddr is:upload/item/shop/53/2019082322032992336.png
2019-08-23 22:03:29.780 [main] DEBUG com.imooc.o2o.util.ImageUtil - current relativeAddr is:/Users/boykchen/Desktop/upload/item/shop/53/2019082322032992336.png
2019-08-23 22:03:30.124 [main] DEBUG com.imooc.o2o.dao.ShopDao.updateShop - ==>  Preparing: update tb_shop SET shop_name=?, shop_desc=?, shop_addr=?, phone=?, shop_img=?, last_edit_time=?, enable_status=?, advice=?, area_id=?, shop_category_id=? where shop_id=? 
2019-08-23 22:03:30.125 [main] DEBUG com.imooc.o2o.dao.ShopDao.updateShop - ==> Parameters: 测试的店铺3(String), test3(String), test3(String), test3(String), upload/item/shop/53/2019082322032992336.png(String), 2019-08-23 22:03:29.721(Timestamp), 0(Integer), 审核中(String), 2(Integer), 1(Long), 53(Long)
2019-08-23 22:03:30.126 [main] DEBUG com.imooc.o2o.dao.ShopDao.updateShop - <==    Updates: 1
2019-08-23 22:10:41.222 [main] DEBUG com.imooc.o2o.dao.ShopDao.insertShop - ==>  Preparing: INSERT INTO tb_shop ( owner_id, area_id, shop_category_id, shop_name, shop_desc, shop_addr, phone, shop_img, priority, create_time, last_edit_time, enable_status, advice ) VALUE ( ?, ?, ?, ?, ?, ?, ?, ?, ?, ?, ?, ?, ? ) 
2019-08-23 22:10:41.251 [main] DEBUG com.imooc.o2o.dao.ShopDao.insertShop - ==> Parameters: 1(Long), 2(Integer), 1(Long), 测试的店铺3(String), test3(String), test3(String), test3(String), null, null, 2019-08-23 22:10:41.208(Timestamp), 2019-08-23 22:10:41.208(Timestamp), 0(Integer), 审核中(String)
2019-08-23 22:10:41.253 [main] DEBUG com.imooc.o2o.dao.ShopDao.insertShop - <==    Updates: 1
2019-08-23 22:10:41.264 [main] DEBUG com.imooc.o2o.util.ImageUtil - current relativeAddr is:upload/item/shop/54/2019082322104186067.png
2019-08-23 22:10:41.264 [main] DEBUG com.imooc.o2o.util.ImageUtil - current relativeAddr is:/Users/boykchen/Desktop/upload/item/shop/54/2019082322104186067.png
2019-08-23 22:10:41.650 [main] DEBUG com.imooc.o2o.dao.ShopDao.updateShop - ==>  Preparing: update tb_shop SET shop_name=?, shop_desc=?, shop_addr=?, phone=?, shop_img=?, last_edit_time=?, enable_status=?, advice=?, area_id=?, shop_category_id=? where shop_id=? 
2019-08-23 22:10:41.651 [main] DEBUG com.imooc.o2o.dao.ShopDao.updateShop - ==> Parameters: 测试的店铺3(String), test3(String), test3(String), test3(String), /Users/boykchen/Desktop/upload/item/shop/54/2019082322104186067.png(String), 2019-08-23 22:10:41.208(Timestamp), 0(Integer), 审核中(String), 2(Integer), 1(Long), 54(Long)
2019-08-23 22:10:41.652 [main] DEBUG com.imooc.o2o.dao.ShopDao.updateShop - <==    Updates: 1
